android/app/build/intermediates/manifest_merge_blame_file/debug/manifest-merger-blame-debug-report.txt
1<?xml version="1.0" encoding="utf-8"?>
2<manifest xmlns:android="http://schemas.android.com/apk/res/android"
3    package="com.firstrnproject"
4    android:versionCode="1"
5    android:versionName="1.0" >
6
7    <uses-sdk
8        android:minSdkVersion="21"
9        android:targetSdkVersion="33" />
10
11    <uses-permission android:name="android.permission.SYSTEM_ALERT_WINDOW" />
11-->src/debug/AndroidManifest.xml:5:5-77
11-->src/debug/AndroidManifest.xml:5:22-75
12    <uses-permission android:name="android.permission.READ_EXTERNAL_STORAGE" />
12-->src/debug/AndroidManifest.xml:13:5-80
12-->src/debug/AndroidManifest.xml:13:22-77
13    <uses-permission android:name="android.permission.WRITE_EXTERNAL_STORAGE" />
13-->src/debug/AndroidManifest.xml:14:5-81
13-->src/debug/AndroidManifest.xml:14:22-78
14    <uses-permission android:name="android.permission.INTERNET" />
14-->src/main/AndroidManifest.xml:3:5-67
14-->src/main/AndroidManifest.xml:3:22-64
15    <uses-permission android:name="android.permission.ACCESS_WIFI_STATE" />
15-->[com.facebook.flipper:flipper:0.125.0] AndroidManifest.xml:16:5-76
15-->[com.facebook.flipper:flipper:0.125.0] AndroidManifest.xml:16:22-73
16    <uses-permission android:name="android.permission.ACCESS_NETWORK_STATE" />
16-->[com.google.firebase:firebase-messaging:21.1.0] AndroidManifest.xml:22:5-79
16-->[com.google.firebase:firebase-messaging:21.1.0] AndroidManifest.xml:22:22-76
17    <uses-permission android:name="android.permission.WAKE_LOCK" /> <!-- Required by older versions of Google Play services to create IID tokens -->
17-->[com.google.firebase:firebase-messaging:21.1.0] AndroidManifest.xml:23:5-68
17-->[com.google.firebase:firebase-messaging:21.1.0] AndroidManifest.xml:23:22-65
18    <uses-permission android:name="com.google.android.c2dm.permission.RECEIVE" />
18-->[com.google.firebase:firebase-messaging:21.1.0] AndroidManifest.xml:25:5-82
18-->[com.google.firebase:firebase-messaging:21.1.0] AndroidManifest.xml:25:22-79
19
20    <permission
20-->[androidx.core:core:1.9.0] AndroidManifest.xml:22:5-24:47
21        android:name="com.firstrnproject.DYNAMIC_RECEIVER_NOT_EXPORTED_PERMISSION"
21-->[androidx.core:core:1.9.0] AndroidManifest.xml:23:9-81
22        android:protectionLevel="signature" />
22-->[androidx.core:core:1.9.0] AndroidManifest.xml:24:9-44
23
24    <uses-permission android:name="com.firstrnproject.DYNAMIC_RECEIVER_NOT_EXPORTED_PERMISSION" /> <!-- for android -->
24-->[androidx.core:core:1.9.0] AndroidManifest.xml:26:5-97
24-->[androidx.core:core:1.9.0] AndroidManifest.xml:26:22-94
25    <!-- <uses-permission android:name="com.android.launcher.permission.READ_SETTINGS"/> -->
26    <!-- <uses-permission android:name="com.android.launcher.permission.WRITE_SETTINGS"/> -->
27    <!-- <uses-permission android:name="com.android.launcher.permission.INSTALL_SHORTCUT" /> -->
28    <!-- <uses-permission android:name="com.android.launcher.permission.UNINSTALL_SHORTCUT" /> -->
29    <!-- for Samsung -->
30    <uses-permission android:name="com.sec.android.provider.badge.permission.READ" />
30-->[me.leolin:ShortcutBadger:1.1.22] AndroidManifest.xml:19:5-86
30-->[me.leolin:ShortcutBadger:1.1.22] AndroidManifest.xml:19:22-83
31    <uses-permission android:name="com.sec.android.provider.badge.permission.WRITE" /> <!-- for htc -->
31-->[me.leolin:ShortcutBadger:1.1.22] AndroidManifest.xml:20:5-87
31-->[me.leolin:ShortcutBadger:1.1.22] AndroidManifest.xml:20:22-84
32    <uses-permission android:name="com.htc.launcher.permission.READ_SETTINGS" />
32-->[me.leolin:ShortcutBadger:1.1.22] AndroidManifest.xml:23:5-81
32-->[me.leolin:ShortcutBadger:1.1.22] AndroidManifest.xml:23:22-78
33    <uses-permission android:name="com.htc.launcher.permission.UPDATE_SHORTCUT" /> <!-- for sony -->
33-->[me.leolin:ShortcutBadger:1.1.22] AndroidManifest.xml:24:5-83
33-->[me.leolin:ShortcutBadger:1.1.22] AndroidManifest.xml:24:22-80
34    <uses-permission android:name="com.sonyericsson.home.permission.BROADCAST_BADGE" />
34-->[me.leolin:ShortcutBadger:1.1.22] AndroidManifest.xml:27:5-88
34-->[me.leolin:ShortcutBadger:1.1.22] AndroidManifest.xml:27:22-85
35    <uses-permission android:name="com.sonymobile.home.permission.PROVIDER_INSERT_BADGE" /> <!-- for apex -->
35-->[me.leolin:ShortcutBadger:1.1.22] AndroidManifest.xml:28:5-92
35-->[me.leolin:ShortcutBadger:1.1.22] AndroidManifest.xml:28:22-89
36    <uses-permission android:name="com.anddoes.launcher.permission.UPDATE_COUNT" /> <!-- for solid -->
36-->[me.leolin:ShortcutBadger:1.1.22] AndroidManifest.xml:31:5-84
36-->[me.leolin:ShortcutBadger:1.1.22] AndroidManifest.xml:31:22-81
37    <uses-permission android:name="com.majeur.launcher.permission.UPDATE_BADGE" /> <!-- for huawei -->
37-->[me.leolin:ShortcutBadger:1.1.22] AndroidManifest.xml:34:5-83
37-->[me.leolin:ShortcutBadger:1.1.22] AndroidManifest.xml:34:22-80
38    <uses-permission android:name="com.huawei.android.launcher.permission.CHANGE_BADGE" />
38-->[me.leolin:ShortcutBadger:1.1.22] AndroidManifest.xml:37:5-91
38-->[me.leolin:ShortcutBadger:1.1.22] AndroidManifest.xml:37:22-88
39    <uses-permission android:name="com.huawei.android.launcher.permission.READ_SETTINGS" />
39-->[me.leolin:ShortcutBadger:1.1.22] AndroidManifest.xml:38:5-92
39-->[me.leolin:ShortcutBadger:1.1.22] AndroidManifest.xml:38:22-89
40    <uses-permission android:name="com.huawei.android.launcher.permission.WRITE_SETTINGS" /> <!-- for ZUK -->
40-->[me.leolin:ShortcutBadger:1.1.22] AndroidManifest.xml:39:5-93
40-->[me.leolin:ShortcutBadger:1.1.22] AndroidManifest.xml:39:22-90
41    <uses-permission android:name="android.permission.READ_APP_BADGE" /> <!-- for OPPO -->
41-->[me.leolin:ShortcutBadger:1.1.22] AndroidManifest.xml:42:5-73
41-->[me.leolin:ShortcutBadger:1.1.22] AndroidManifest.xml:42:22-70
42    <uses-permission android:name="com.oppo.launcher.permission.READ_SETTINGS" />
42-->[me.leolin:ShortcutBadger:1.1.22] AndroidManifest.xml:45:5-82
42-->[me.leolin:ShortcutBadger:1.1.22] AndroidManifest.xml:45:22-79
43    <uses-permission android:name="com.oppo.launcher.permission.WRITE_SETTINGS" /> <!-- for EvMe -->
43-->[me.leolin:ShortcutBadger:1.1.22] AndroidManifest.xml:46:5-83
43-->[me.leolin:ShortcutBadger:1.1.22] AndroidManifest.xml:46:22-80
44    <uses-permission android:name="me.everything.badger.permission.BADGE_COUNT_READ" />
44-->[me.leolin:ShortcutBadger:1.1.22] AndroidManifest.xml:49:5-88
44-->[me.leolin:ShortcutBadger:1.1.22] AndroidManifest.xml:49:22-85
45    <uses-permission android:name="me.everything.badger.permission.BADGE_COUNT_WRITE" />
45-->[me.leolin:ShortcutBadger:1.1.22] AndroidManifest.xml:50:5-89
45-->[me.leolin:ShortcutBadger:1.1.22] AndroidManifest.xml:50:22-86
46
47    <application
47-->src/main/AndroidManifest.xml:5:5-24:19
48        android:name="com.firstrnproject.MainApplication"
48-->src/main/AndroidManifest.xml:6:7-38
49        android:allowBackup="false"
49-->src/main/AndroidManifest.xml:10:7-34
50        android:appComponentFactory="androidx.core.app.CoreComponentFactory"
50-->[androidx.core:core:1.9.0] AndroidManifest.xml:28:18-86
51        android:debuggable="true"
52        android:icon="@mipmap/ic_launcher"
52-->src/main/AndroidManifest.xml:8:7-41
53        android:label="@string/app_name"
53-->src/main/AndroidManifest.xml:7:7-39
54        android:roundIcon="@mipmap/ic_launcher_round"
54-->src/main/AndroidManifest.xml:9:7-52
55        android:theme="@style/AppTheme"
55-->src/main/AndroidManifest.xml:11:7-38
56        android:usesCleartextTraffic="true" >
56-->src/debug/AndroidManifest.xml:8:9-44
57        <activity
57-->src/debug/AndroidManifest.xml:11:9-111
58            android:name="com.facebook.react.devsupport.DevSettingsActivity"
58-->src/debug/AndroidManifest.xml:11:19-83
59            android:exported="false" />
59-->src/debug/AndroidManifest.xml:11:84-108
60        <activity
60-->src/main/AndroidManifest.xml:12:7-23:18
61            android:name="com.firstrnproject.MainActivity"
61-->src/main/AndroidManifest.xml:13:9-37
62            android:configChanges="keyboard|keyboardHidden|orientation|screenLayout|screenSize|smallestScreenSize|uiMode"
62-->src/main/AndroidManifest.xml:15:9-118
63            android:exported="true"
63-->src/main/AndroidManifest.xml:18:9-32
64            android:label="@string/app_name"
64-->src/main/AndroidManifest.xml:14:9-41
65            android:launchMode="singleTask"
65-->src/main/AndroidManifest.xml:16:9-40
66            android:windowSoftInputMode="adjustResize" >
66-->src/main/AndroidManifest.xml:17:9-51
67            <intent-filter>
67-->src/main/AndroidManifest.xml:19:9-22:25
68                <action android:name="android.intent.action.MAIN" />
68-->src/main/AndroidManifest.xml:20:13-65
68-->src/main/AndroidManifest.xml:20:21-62
69
70                <category android:name="android.intent.category.LAUNCHER" />
70-->src/main/AndroidManifest.xml:21:13-73
70-->src/main/AndroidManifest.xml:21:23-70
71            </intent-filter>
72        </activity>
73
74        <receiver
74-->[com.google.firebase:firebase-messaging:21.1.0] AndroidManifest.xml:28:9-35:20
75            android:name="com.google.firebase.iid.FirebaseInstanceIdReceiver"
75-->[com.google.firebase:firebase-messaging:21.1.0] AndroidManifest.xml:29:13-78
76            android:exported="true"
76-->[com.google.firebase:firebase-messaging:21.1.0] AndroidManifest.xml:30:13-36
77            android:permission="com.google.android.c2dm.permission.SEND" >
77-->[com.google.firebase:firebase-messaging:21.1.0] AndroidManifest.xml:31:13-73
78            <intent-filter>
78-->[com.google.firebase:firebase-messaging:21.1.0] AndroidManifest.xml:32:13-34:29
79                <action android:name="com.google.android.c2dm.intent.RECEIVE" />
79-->[com.google.firebase:firebase-messaging:21.1.0] AndroidManifest.xml:33:17-81
79-->[com.google.firebase:firebase-messaging:21.1.0] AndroidManifest.xml:33:25-78
80            </intent-filter>
81        </receiver>
82        <!--
83             FirebaseMessagingService performs security checks at runtime,
84             but set to not exported to explicitly avoid allowing another app to call it.
85        -->
86        <service
86-->[com.google.firebase:firebase-messaging:21.1.0] AndroidManifest.xml:41:9-48:19
87            android:name="com.google.firebase.messaging.FirebaseMessagingService"
87-->[com.google.firebase:firebase-messaging:21.1.0] AndroidManifest.xml:42:13-82
88            android:directBootAware="true"
88-->[com.google.firebase:firebase-messaging:21.1.0] AndroidManifest.xml:43:13-43
89            android:exported="false" >
89-->[com.google.firebase:firebase-messaging:21.1.0] AndroidManifest.xml:44:13-37
90            <intent-filter android:priority="-500" >
90-->[com.google.firebase:firebase-messaging:21.1.0] AndroidManifest.xml:45:13-47:29
90-->[com.google.firebase:firebase-messaging:21.1.0] AndroidManifest.xml:45:28-51
91                <action android:name="com.google.firebase.MESSAGING_EVENT" />
91-->[com.google.firebase:firebase-messaging:21.1.0] AndroidManifest.xml:46:17-78
91-->[com.google.firebase:firebase-messaging:21.1.0] AndroidManifest.xml:46:25-75
92            </intent-filter>
93        </service>
94        <service
94-->[com.google.firebase:firebase-messaging:21.1.0] AndroidManifest.xml:49:9-55:19
95            android:name="com.google.firebase.components.ComponentDiscoveryService"
95-->[com.google.firebase:firebase-messaging:21.1.0] AndroidManifest.xml:50:13-84
96            android:directBootAware="true"
96-->[com.google.firebase:firebase-common:19.5.0] AndroidManifest.xml:35:13-43
97            android:exported="false" >
97-->[com.google.firebase:firebase-messaging:21.1.0] AndroidManifest.xml:51:13-37
98            <meta-data
98-->[com.google.firebase:firebase-messaging:21.1.0] AndroidManifest.xml:52:13-54:85
99                android:name="com.google.firebase.components:com.google.firebase.messaging.FirebaseMessagingRegistrar"
99-->[com.google.firebase:firebase-messaging:21.1.0] AndroidManifest.xml:53:17-119
100                android:value="com.google.firebase.components.ComponentRegistrar" />
100-->[com.google.firebase:firebase-messaging:21.1.0] AndroidManifest.xml:54:17-82
101            <meta-data
101-->[com.google.firebase:firebase-iid:21.1.0] AndroidManifest.xml:32:13-34:85
102                android:name="com.google.firebase.components:com.google.firebase.iid.Registrar"
102-->[com.google.firebase:firebase-iid:21.1.0] AndroidManifest.xml:33:17-96
103                android:value="com.google.firebase.components.ComponentRegistrar" />
103-->[com.google.firebase:firebase-iid:21.1.0] AndroidManifest.xml:34:17-82
104            <meta-data
104-->[com.google.firebase:firebase-datatransport:17.0.10] AndroidManifest.xml:28:13-30:85
105                android:name="com.google.firebase.components:com.google.firebase.datatransport.TransportRegistrar"
105-->[com.google.firebase:firebase-datatransport:17.0.10] AndroidManifest.xml:29:17-115
106                android:value="com.google.firebase.components.ComponentRegistrar" />
106-->[com.google.firebase:firebase-datatransport:17.0.10] AndroidManifest.xml:30:17-82
107            <meta-data
107-->[com.google.firebase:firebase-installations:16.3.5] AndroidManifest.xml:18:13-20:85
108                android:name="com.google.firebase.components:com.google.firebase.installations.FirebaseInstallationsRegistrar"
108-->[com.google.firebase:firebase-installations:16.3.5] AndroidManifest.xml:19:17-127
109                android:value="com.google.firebase.components.ComponentRegistrar" />
109-->[com.google.firebase:firebase-installations:16.3.5] AndroidManifest.xml:20:17-82
110            <!--
111                This registrar is not defined in the dynamic-module-support sdk itself to allow non-firebase
112                clients to use it as well, by defining this registrar in their own core/common library.
113            -->
114            <meta-data
114-->[com.google.firebase:firebase-common:19.5.0] AndroidManifest.xml:43:13-45:85
115                android:name="com.google.firebase.components:com.google.firebase.dynamicloading.DynamicLoadingRegistrar"
115-->[com.google.firebase:firebase-common:19.5.0] AndroidManifest.xml:44:17-121
116                android:value="com.google.firebase.components.ComponentRegistrar" />
116-->[com.google.firebase:firebase-common:19.5.0] AndroidManifest.xml:45:17-82
117        </service>
118
119        <provider
119-->[com.google.firebase:firebase-common:19.5.0] AndroidManifest.xml:26:9-31:39
120            android:name="com.google.firebase.provider.FirebaseInitProvider"
120-->[com.google.firebase:firebase-common:19.5.0] AndroidManifest.xml:27:13-77
121            android:authorities="com.firstrnproject.firebaseinitprovider"
121-->[com.google.firebase:firebase-common:19.5.0] AndroidManifest.xml:28:13-72
122            android:directBootAware="true"
122-->[com.google.firebase:firebase-common:19.5.0] AndroidManifest.xml:29:13-43
123            android:exported="false"
123-->[com.google.firebase:firebase-common:19.5.0] AndroidManifest.xml:30:13-37
124            android:initOrder="100" />
124-->[com.google.firebase:firebase-common:19.5.0] AndroidManifest.xml:31:13-36
125
126        <meta-data
126-->[com.google.android.gms:play-services-basement:17.0.0] AndroidManifest.xml:23:9-25:69
127            android:name="com.google.android.gms.version"
127-->[com.google.android.gms:play-services-basement:17.0.0] AndroidManifest.xml:24:13-58
128            android:value="@integer/google_play_services_version" />
128-->[com.google.android.gms:play-services-basement:17.0.0] AndroidManifest.xml:25:13-66
129
130        <provider
130-->[androidx.emoji2:emoji2:1.2.0] AndroidManifest.xml:24:9-32:20
131            android:name="androidx.startup.InitializationProvider"
131-->[androidx.emoji2:emoji2:1.2.0] AndroidManifest.xml:25:13-67
132            android:authorities="com.firstrnproject.androidx-startup"
132-->[androidx.emoji2:emoji2:1.2.0] AndroidManifest.xml:26:13-68
133            android:exported="false" >
133-->[androidx.emoji2:emoji2:1.2.0] AndroidManifest.xml:27:13-37
134            <meta-data
134-->[androidx.emoji2:emoji2:1.2.0] AndroidManifest.xml:29:13-31:52
135                android:name="androidx.emoji2.text.EmojiCompatInitializer"
135-->[androidx.emoji2:emoji2:1.2.0] AndroidManifest.xml:30:17-75
136                android:value="androidx.startup" />
136-->[androidx.emoji2:emoji2:1.2.0] AndroidManifest.xml:31:17-49
137            <meta-data
137-->[androidx.lifecycle:lifecycle-process:2.4.1] AndroidManifest.xml:31:13-33:52
138                android:name="androidx.lifecycle.ProcessLifecycleInitializer"
138-->[androidx.lifecycle:lifecycle-process:2.4.1] AndroidManifest.xml:32:17-78
139                android:value="androidx.startup" />
139-->[androidx.lifecycle:lifecycle-process:2.4.1] AndroidManifest.xml:33:17-49
140        </provider>
141
142        <service
142-->[com.google.android.datatransport:transport-backend-cct:2.3.3] AndroidManifest.xml:29:9-35:19
143            android:name="com.google.android.datatransport.runtime.backends.TransportBackendDiscovery"
143-->[com.google.android.datatransport:transport-backend-cct:2.3.3] AndroidManifest.xml:30:13-103
144            android:exported="false" >
144-->[com.google.android.datatransport:transport-backend-cct:2.3.3] AndroidManifest.xml:31:13-37
145            <meta-data
145-->[com.google.android.datatransport:transport-backend-cct:2.3.3] AndroidManifest.xml:32:13-34:39
146                android:name="backend:com.google.android.datatransport.cct.CctBackendFactory"
146-->[com.google.android.datatransport:transport-backend-cct:2.3.3] AndroidManifest.xml:33:17-94
147                android:value="cct" />
147-->[com.google.android.datatransport:transport-backend-cct:2.3.3] AndroidManifest.xml:34:17-36
148        </service>
149        <service
149-->[com.google.android.datatransport:transport-runtime:2.2.5] AndroidManifest.xml:26:9-30:19
150            android:name="com.google.android.datatransport.runtime.scheduling.jobscheduling.JobInfoSchedulerService"
150-->[com.google.android.datatransport:transport-runtime:2.2.5] AndroidManifest.xml:27:13-117
151            android:exported="false"
151-->[com.google.android.datatransport:transport-runtime:2.2.5] AndroidManifest.xml:28:13-37
152            android:permission="android.permission.BIND_JOB_SERVICE" >
152-->[com.google.android.datatransport:transport-runtime:2.2.5] AndroidManifest.xml:29:13-69
153        </service>
154
155        <receiver
155-->[com.google.android.datatransport:transport-runtime:2.2.5] AndroidManifest.xml:32:9-34:40
156            android:name="com.google.android.datatransport.runtime.scheduling.jobscheduling.AlarmManagerSchedulerBroadcastReceiver"
156-->[com.google.android.datatransport:transport-runtime:2.2.5] AndroidManifest.xml:33:13-132
157            android:exported="false" />
157-->[com.google.android.datatransport:transport-runtime:2.2.5] AndroidManifest.xml:34:13-37
158    </application>
159
160</manifest>